This file contains any messages produced by compilers while
running configure, to aid debugging if configure makes a mistake.

It was created by cairomm configure 1.10.0, which was
generated by GNU Autoconf 2.68.  Invocation command line was

  $ ./configure --prefix=/usr

## --------- ##
## Platform. ##
## --------- ##

hostname = ananth-vm
uname -m = x86_64
uname -r = 3.8.0-35-generic
uname -s = Linux
uname -v = #50~precise1-Ubuntu SMP Wed Dec 4 17:25:51 UTC 2013

/usr/bin/uname -p = unknown
/bin/uname -X     = unknown

/bin/arch              = unknown
/usr/bin/arch -k       = unknown
/usr/convex/getsysinfo = unknown
/usr/bin/hostinfo      = unknown
/bin/machine           = unknown
/usr/bin/oslevel       = unknown
/bin/universe          = unknown

PATH: /usr/lib/lightdm/lightdm
PATH: /usr/local/sbin
PATH: /usr/local/bin
PATH: /usr/sbin
PATH: /usr/bin
PATH: /sbin
PATH: /bin
PATH: /usr/games


## ----------- ##
## Core tests. ##
## ----------- ##

configure:2498: checking for a BSD-compatible install
configure:2566: result: /usr/bin/install -c
configure:2577: checking whether build environment is sane
configure:2614: result: yes
configure:2741: checking for a thread-safe mkdir -p
configure:2780: result: /bin/mkdir -p
configure:2793: checking for gawk
configure:2809: found /usr/bin/gawk
configure:2820: result: gawk
configure:2831: checking whether make sets $(MAKE)
configure:2853: result: yes
configure:2919: checking how to create a pax tar archive
configure:2932: tar --version
tar (GNU tar) 1.26
Copyright (C) 2011 Free Software Foundation, Inc.
License GPLv3+: GNU GPL version 3 or later <http://gnu.org/licenses/gpl.html>.
This is free software: you are free to change and redistribute it.
There is NO WARRANTY, to the extent permitted by law.

Written by John Gilmore and Jay Fenlason.
configure:2935: $? = 0
configure:2975: tardir=conftest.dir && eval tar --format=posix -chf - "$tardir" >conftest.tar
configure:2978: $? = 0
configure:2982: tar -xf - <conftest.tar
configure:2985: $? = 0
configure:2998: result: gnutar
configure:3006: checking whether to enable maintainer-specific portions of Makefiles
configure:3015: result: no
configure:3032: checking whether make supports GNU make features
test 'success' = success
configure:3046: result: yes
configure:3149: checking for g++
configure:3165: found /usr/bin/g++
configure:3176: result: g++
configure:3203: checking for C++ compiler version
configure:3212: g++ --version >&5
g++ (Ubuntu 4.8.1-2ubuntu1~12.04) 4.8.1
Copyright (C) 2013 Free Software Foundation, Inc.
This is free software; see the source for copying conditions.  There is NO
warranty; not even for MERCHANTABILITY or FITNESS FOR A PARTICULAR PURPOSE.

configure:3223: $? = 0
configure:3212: g++ -v >&5
Using built-in specs.
COLLECT_GCC=g++
COLLECT_LTO_WRAPPER=/usr/lib/gcc/x86_64-linux-gnu/4.8/lto-wrapper
Target: x86_64-linux-gnu
Configured with: ../src/configure -v --with-pkgversion='Ubuntu 4.8.1-2ubuntu1~12.04' --with-bugurl=file:///usr/share/doc/gcc-4.8/README.Bugs --enable-languages=c,c++,java,go,d,fortran,objc,obj-c++ --prefix=/usr --program-suffix=-4.8 --enable-shared --enable-linker-build-id --libexecdir=/usr/lib --without-included-gettext --enable-threads=posix --with-gxx-include-dir=/usr/include/c++/4.8 --libdir=/usr/lib --enable-nls --with-sysroot=/ --enable-clocale=gnu --enable-libstdcxx-debug --enable-libstdcxx-time=yes --enable-gnu-unique-object --enable-plugin --with-system-zlib --disable-browser-plugin --enable-java-awt=gtk --enable-gtk-cairo --with-java-home=/usr/lib/jvm/java-1.5.0-gcj-4.8-amd64/jre --enable-java-home --with-jvm-root-dir=/usr/lib/jvm/java-1.5.0-gcj-4.8-amd64 --with-jvm-jar-dir=/usr/lib/jvm-exports/java-1.5.0-gcj-4.8-amd64 --with-arch-directory=amd64 --with-ecj-jar=/usr/share/java/eclipse-ecj.jar --enable-objc-gc --enable-multiarch --disable-werror --with-arch-32=i686 --with-abi=m64 --with-multilib-list=m32,m64 --with-tune=generic --enable-checking=release --build=x86_64-linux-gnu --host=x86_64-linux-gnu --target=x86_64-linux-gnu
Thread model: posix
gcc version 4.8.1 (Ubuntu 4.8.1-2ubuntu1~12.04) 
configure:3223: $? = 0
configure:3212: g++ -V >&5
g++: error: unrecognized command line option '-V'
g++: fatal error: no input files
compilation terminated.
configure:3223: $? = 4
configure:3212: g++ -qversion >&5
g++: error: unrecognized command line option '-qversion'
g++: fatal error: no input files
compilation terminated.
configure:3223: $? = 4
configure:3243: checking whether the C++ compiler works
configure:3265: g++    conftest.cpp  >&5
configure:3269: $? = 0
configure:3317: result: yes
configure:3320: checking for C++ compiler default output file name
configure:3322: result: a.out
configure:3328: checking for suffix of executables
configure:3335: g++ -o conftest    conftest.cpp  >&5
configure:3339: $? = 0
configure:3361: result: 
configure:3383: checking whether we are cross compiling
configure:3391: g++ -o conftest    conftest.cpp  >&5
configure:3395: $? = 0
configure:3402: ./conftest
configure:3406: $? = 0
configure:3421: result: no
configure:3426: checking for suffix of object files
configure:3448: g++ -c   conftest.cpp >&5
configure:3452: $? = 0
configure:3473: result: o
configure:3477: checking whether we are using the GNU C++ compiler
configure:3496: g++ -c   conftest.cpp >&5
configure:3496: $? = 0
configure:3505: result: yes
configure:3514: checking whether g++ accepts -g
configure:3534: g++ -c -g  conftest.cpp >&5
configure:3534: $? = 0
configure:3575: result: yes
configure:3609: checking for style of include used by make
configure:3637: result: GNU
configure:3662: checking dependency style of g++
configure:3772: result: gcc3
configure:3822: checking build system type
configure:3836: result: x86_64-unknown-linux-gnu
configure:3856: checking host system type
configure:3869: result: x86_64-unknown-linux-gnu
configure:4265: checking for gcc
configure:4281: found /usr/bin/gcc
configure:4292: result: gcc
configure:4521: checking for C compiler version
configure:4530: gcc --version >&5
gcc (Ubuntu 4.8.1-2ubuntu1~12.04) 4.8.1
Copyright (C) 2013 Free Software Foundation, Inc.
This is free software; see the source for copying conditions.  There is NO
warranty; not even for MERCHANTABILITY or FITNESS FOR A PARTICULAR PURPOSE.

configure:4541: $? = 0
configure:4530: gcc -v >&5
Using built-in specs.
COLLECT_GCC=gcc
COLLECT_LTO_WRAPPER=/usr/lib/gcc/x86_64-linux-gnu/4.8/lto-wrapper
Target: x86_64-linux-gnu
Configured with: ../src/configure -v --with-pkgversion='Ubuntu 4.8.1-2ubuntu1~12.04' --with-bugurl=file:///usr/share/doc/gcc-4.8/README.Bugs --enable-languages=c,c++,java,go,d,fortran,objc,obj-c++ --prefix=/usr --program-suffix=-4.8 --enable-shared --enable-linker-build-id --libexecdir=/usr/lib --without-included-gettext --enable-threads=posix --with-gxx-include-dir=/usr/include/c++/4.8 --libdir=/usr/lib --enable-nls --with-sysroot=/ --enable-clocale=gnu --enable-libstdcxx-debug --enable-libstdcxx-time=yes --enable-gnu-unique-object --enable-plugin --with-system-zlib --disable-browser-plugin --enable-java-awt=gtk --enable-gtk-cairo --with-java-home=/usr/lib/jvm/java-1.5.0-gcj-4.8-amd64/jre --enable-java-home --with-jvm-root-dir=/usr/lib/jvm/java-1.5.0-gcj-4.8-amd64 --with-jvm-jar-dir=/usr/lib/jvm-exports/java-1.5.0-gcj-4.8-amd64 --with-arch-directory=amd64 --with-ecj-jar=/usr/share/java/eclipse-ecj.jar --enable-objc-gc --enable-multiarch --disable-werror --with-arch-32=i686 --with-abi=m64 --with-multilib-list=m32,m64 --with-tune=generic --enable-checking=release --build=x86_64-linux-gnu --host=x86_64-linux-gnu --target=x86_64-linux-gnu
Thread model: posix
gcc version 4.8.1 (Ubuntu 4.8.1-2ubuntu1~12.04) 
configure:4541: $? = 0
configure:4530: gcc -V >&5
gcc: error: unrecognized command line option '-V'
gcc: fatal error: no input files
compilation terminated.
configure:4541: $? = 4
configure:4530: gcc -qversion >&5
gcc: error: unrecognized command line option '-qversion'
gcc: fatal error: no input files
compilation terminated.
configure:4541: $? = 4
configure:4545: checking whether we are using the GNU C compiler
configure:4564: gcc -c   conftest.c >&5
configure:4564: $? = 0
configure:4573: result: yes
configure:4582: checking whether gcc accepts -g
configure:4602: gcc -c -g  conftest.c >&5
configure:4602: $? = 0
configure:4643: result: yes
configure:4660: checking for gcc option to accept ISO C89
configure:4724: gcc  -c -g -O2  conftest.c >&5
configure:4724: $? = 0
configure:4737: result: none needed
configure:4759: checking dependency style of gcc
configure:4869: result: gcc3
configure:4884: checking for a sed that does not truncate output
configure:4948: result: /bin/sed
configure:4966: checking for grep that handles long lines and -e
configure:5024: result: /bin/grep
configure:5029: checking for egrep
configure:5091: result: /bin/grep -E
configure:5096: checking for fgrep
configure:5158: result: /bin/grep -F
configure:5193: checking for ld used by gcc
configure:5260: result: /usr/bin/ld
configure:5267: checking if the linker (/usr/bin/ld) is GNU ld
configure:5282: result: yes
configure:5294: checking for BSD- or MS-compatible name lister (nm)
configure:5343: result: /usr/bin/nm -B
configure:5461: checking the name lister (/usr/bin/nm -B) interface
configure:5468: gcc -c -g -O2  conftest.c >&5
configure:5471: /usr/bin/nm -B "conftest.o"
configure:5474: output
0000000000000000 B some_variable
configure:5481: result: BSD nm
configure:5484: checking whether ln -s works
configure:5488: result: yes
configure:5496: checking the maximum length of command line arguments
configure:5616: result: 1572864
configure:5633: checking whether the shell understands some XSI constructs
configure:5643: result: yes
configure:5647: checking whether the shell understands "+="
configure:5653: result: yes
configure:5688: checking for /usr/bin/ld option to reload object files
configure:5695: result: -r
configure:5764: checking for objdump
configure:5791: result: objdump
configure:5820: checking how to recognize dependent libraries
configure:6016: result: pass_all
configure:6076: checking for ar
configure:6092: found /usr/bin/ar
configure:6103: result: ar
configure:6181: checking for strip
configure:6197: found /usr/bin/strip
configure:6208: result: strip
configure:6280: checking for ranlib
configure:6296: found /usr/bin/ranlib
configure:6307: result: ranlib
configure:6397: checking command to parse /usr/bin/nm -B output from gcc object
configure:6515: gcc -c -g -O2  conftest.c >&5
configure:6518: $? = 0
configure:6522: /usr/bin/nm -B conftest.o \| sed -n -e 's/^.*[	 ]\([ABCDGIRSTW][ABCDGIRSTW]*\)[	 ][	 ]*\([_A-Za-z][_A-Za-z0-9]*\)$/\1 \2 \2/p' \> conftest.nm
configure:6525: $? = 0
configure:6579: gcc -o conftest -g -O2   conftest.c conftstm.o >&5
configure:6582: $? = 0
configure:6620: result: ok
configure:6716: gcc -c -g -O2  conftest.c >&5
configure:6719: $? = 0
configure:7429: checking how to run the C preprocessor
configure:7460: gcc -E  conftest.c
configure:7460: $? = 0
configure:7474: gcc -E  conftest.c
conftest.c:12:28: fatal error: ac_nonexistent.h: No such file or directory
 #include <ac_nonexistent.h>
                            ^
compilation terminated.
configure:7474: $? = 1
configure: failed program was:
| /* confdefs.h */
| #define PACKAGE_NAME "cairomm"
| #define PACKAGE_TARNAME "cairomm"
| #define PACKAGE_VERSION "1.10.0"
| #define PACKAGE_STRING "cairomm 1.10.0"
| #define PACKAGE_BUGREPORT "https://bugs.freedesktop.org/enter_bug.cgi?product=cairomm"
| #define PACKAGE_URL "http://www.cairographics.org/cairomm/"
| #define CAIROMM_MAJOR_VERSION 1
| #define CAIROMM_MINOR_VERSION 10
| #define CAIROMM_MICRO_VERSION 0
| /* end confdefs.h.  */
| #include <ac_nonexistent.h>
configure:7499: result: gcc -E
configure:7519: gcc -E  conftest.c
configure:7519: $? = 0
configure:7533: gcc -E  conftest.c
conftest.c:12:28: fatal error: ac_nonexistent.h: No such file or directory
 #include <ac_nonexistent.h>
                            ^
compilation terminated.
configure:7533: $? = 1
configure: failed program was:
| /* confdefs.h */
| #define PACKAGE_NAME "cairomm"
| #define PACKAGE_TARNAME "cairomm"
| #define PACKAGE_VERSION "1.10.0"
| #define PACKAGE_STRING "cairomm 1.10.0"
| #define PACKAGE_BUGREPORT "https://bugs.freedesktop.org/enter_bug.cgi?product=cairomm"
| #define PACKAGE_URL "http://www.cairographics.org/cairomm/"
| #define CAIROMM_MAJOR_VERSION 1
| #define CAIROMM_MINOR_VERSION 10
| #define CAIROMM_MICRO_VERSION 0
| /* end confdefs.h.  */
| #include <ac_nonexistent.h>
configure:7562: checking for ANSI C header files
configure:7582: gcc -c -g -O2  conftest.c >&5
configure:7582: $? = 0
configure:7655: gcc -o conftest -g -O2   conftest.c  >&5
configure:7655: $? = 0
configure:7655: ./conftest
configure:7655: $? = 0
configure:7666: result: yes
configure:7679: checking for sys/types.h
configure:7679: gcc -c -g -O2  conftest.c >&5
configure:7679: $? = 0
configure:7679: result: yes
configure:7679: checking for sys/stat.h
configure:7679: gcc -c -g -O2  conftest.c >&5
configure:7679: $? = 0
configure:7679: result: yes
configure:7679: checking for stdlib.h
configure:7679: gcc -c -g -O2  conftest.c >&5
configure:7679: $? = 0
configure:7679: result: yes
configure:7679: checking for string.h
configure:7679: gcc -c -g -O2  conftest.c >&5
configure:7679: $? = 0
configure:7679: result: yes
configure:7679: checking for memory.h
configure:7679: gcc -c -g -O2  conftest.c >&5
configure:7679: $? = 0
configure:7679: result: yes
configure:7679: checking for strings.h
configure:7679: gcc -c -g -O2  conftest.c >&5
configure:7679: $? = 0
configure:7679: result: yes
configure:7679: checking for inttypes.h
configure:7679: gcc -c -g -O2  conftest.c >&5
configure:7679: $? = 0
configure:7679: result: yes
configure:7679: checking for stdint.h
configure:7679: gcc -c -g -O2  conftest.c >&5
configure:7679: $? = 0
configure:7679: result: yes
configure:7679: checking for unistd.h
configure:7679: gcc -c -g -O2  conftest.c >&5
configure:7679: $? = 0
configure:7679: result: yes
configure:7693: checking for dlfcn.h
configure:7693: gcc -c -g -O2  conftest.c >&5
configure:7693: $? = 0
configure:7693: result: yes
configure:7818: checking for C++ compiler version
configure:7827: g++ --version >&5
g++ (Ubuntu 4.8.1-2ubuntu1~12.04) 4.8.1
Copyright (C) 2013 Free Software Foundation, Inc.
This is free software; see the source for copying conditions.  There is NO
warranty; not even for MERCHANTABILITY or FITNESS FOR A PARTICULAR PURPOSE.

configure:7838: $? = 0
configure:7827: g++ -v >&5
Using built-in specs.
COLLECT_GCC=g++
COLLECT_LTO_WRAPPER=/usr/lib/gcc/x86_64-linux-gnu/4.8/lto-wrapper
Target: x86_64-linux-gnu
Configured with: ../src/configure -v --with-pkgversion='Ubuntu 4.8.1-2ubuntu1~12.04' --with-bugurl=file:///usr/share/doc/gcc-4.8/README.Bugs --enable-languages=c,c++,java,go,d,fortran,objc,obj-c++ --prefix=/usr --program-suffix=-4.8 --enable-shared --enable-linker-build-id --libexecdir=/usr/lib --without-included-gettext --enable-threads=posix --with-gxx-include-dir=/usr/include/c++/4.8 --libdir=/usr/lib --enable-nls --with-sysroot=/ --enable-clocale=gnu --enable-libstdcxx-debug --enable-libstdcxx-time=yes --enable-gnu-unique-object --enable-plugin --with-system-zlib --disable-browser-plugin --enable-java-awt=gtk --enable-gtk-cairo --with-java-home=/usr/lib/jvm/java-1.5.0-gcj-4.8-amd64/jre --enable-java-home --with-jvm-root-dir=/usr/lib/jvm/java-1.5.0-gcj-4.8-amd64 --with-jvm-jar-dir=/usr/lib/jvm-exports/java-1.5.0-gcj-4.8-amd64 --with-arch-directory=amd64 --with-ecj-jar=/usr/share/java/eclipse-ecj.jar --enable-objc-gc --enable-multiarch --disable-werror --with-arch-32=i686 --with-abi=m64 --with-multilib-list=m32,m64 --with-tune=generic --enable-checking=release --build=x86_64-linux-gnu --host=x86_64-linux-gnu --target=x86_64-linux-gnu
Thread model: posix
gcc version 4.8.1 (Ubuntu 4.8.1-2ubuntu1~12.04) 
configure:7838: $? = 0
configure:7827: g++ -V >&5
g++: error: unrecognized command line option '-V'
g++: fatal error: no input files
compilation terminated.
configure:7838: $? = 4
configure:7827: g++ -qversion >&5
g++: error: unrecognized command line option '-qversion'
g++: fatal error: no input files
compilation terminated.
configure:7838: $? = 4
configure:7842: checking whether we are using the GNU C++ compiler
configure:7870: result: yes
configure:7879: checking whether g++ accepts -g
configure:7940: result: yes
configure:7965: checking dependency style of g++
configure:8075: result: gcc3
configure:8098: checking how to run the C++ preprocessor
configure:8125: g++ -E  conftest.cpp
configure:8125: $? = 0
configure:8139: g++ -E  conftest.cpp
conftest.cpp:23:28: fatal error: ac_nonexistent.h: No such file or directory
 #include <ac_nonexistent.h>
                            ^
compilation terminated.
configure:8139: $? = 1
configure: failed program was:
| /* confdefs.h */
| #define PACKAGE_NAME "cairomm"
| #define PACKAGE_TARNAME "cairomm"
| #define PACKAGE_VERSION "1.10.0"
| #define PACKAGE_STRING "cairomm 1.10.0"
| #define PACKAGE_BUGREPORT "https://bugs.freedesktop.org/enter_bug.cgi?product=cairomm"
| #define PACKAGE_URL "http://www.cairographics.org/cairomm/"
| #define CAIROMM_MAJOR_VERSION 1
| #define CAIROMM_MINOR_VERSION 10
| #define CAIROMM_MICRO_VERSION 0
| #define STDC_HEADERS 1
| #define HAVE_SYS_TYPES_H 1
| #define HAVE_SYS_STAT_H 1
| #define HAVE_STDLIB_H 1
| #define HAVE_STRING_H 1
| #define HAVE_MEMORY_H 1
| #define HAVE_STRINGS_H 1
| #define HAVE_INTTYPES_H 1
| #define HAVE_STDINT_H 1
| #define HAVE_UNISTD_H 1
| #define HAVE_DLFCN_H 1
| /* end confdefs.h.  */
| #include <ac_nonexistent.h>
configure:8164: result: g++ -E
configure:8184: g++ -E  conftest.cpp
configure:8184: $? = 0
configure:8198: g++ -E  conftest.cpp
conftest.cpp:23:28: fatal error: ac_nonexistent.h: No such file or directory
 #include <ac_nonexistent.h>
                            ^
compilation terminated.
configure:8198: $? = 1
configure: failed program was:
| /* confdefs.h */
| #define PACKAGE_NAME "cairomm"
| #define PACKAGE_TARNAME "cairomm"
| #define PACKAGE_VERSION "1.10.0"
| #define PACKAGE_STRING "cairomm 1.10.0"
| #define PACKAGE_BUGREPORT "https://bugs.freedesktop.org/enter_bug.cgi?product=cairomm"
| #define PACKAGE_URL "http://www.cairographics.org/cairomm/"
| #define CAIROMM_MAJOR_VERSION 1
| #define CAIROMM_MINOR_VERSION 10
| #define CAIROMM_MICRO_VERSION 0
| #define STDC_HEADERS 1
| #define HAVE_SYS_TYPES_H 1
| #define HAVE_SYS_STAT_H 1
| #define HAVE_STDLIB_H 1
| #define HAVE_STRING_H 1
| #define HAVE_MEMORY_H 1
| #define HAVE_STRINGS_H 1
| #define HAVE_INTTYPES_H 1
| #define HAVE_STDINT_H 1
| #define HAVE_UNISTD_H 1
| #define HAVE_DLFCN_H 1
| /* end confdefs.h.  */
| #include <ac_nonexistent.h>
configure:8372: checking for objdir
configure:8387: result: .libs
configure:8683: checking if gcc supports -fno-rtti -fno-exceptions
configure:8701: gcc -c -g -O2  -fno-rtti -fno-exceptions conftest.c >&5
cc1: warning: command line option '-fno-rtti' is valid for C++/ObjC++ but not for C [enabled by default]
configure:8705: $? = 0
configure:8718: result: no
configure:8738: checking for gcc option to produce PIC
configure:9010: result: -fPIC -DPIC
configure:9022: checking if gcc PIC flag -fPIC -DPIC works
configure:9040: gcc -c -g -O2  -fPIC -DPIC -DPIC conftest.c >&5
configure:9044: $? = 0
configure:9057: result: yes
configure:9081: checking if gcc static flag -static works
configure:9109: result: yes
configure:9124: checking if gcc supports -c -o file.o
configure:9145: gcc -c -g -O2  -o out/conftest2.o conftest.c >&5
configure:9149: $? = 0
configure:9171: result: yes
configure:9179: checking if gcc supports -c -o file.o
configure:9226: result: yes
configure:9259: checking whether the gcc linker (/usr/bin/ld -m elf_x86_64) supports shared libraries
configure:10250: result: yes
configure:10287: checking whether -lc should be explicitly linked in
configure:10292: gcc -c -g -O2  conftest.c >&5
configure:10295: $? = 0
configure:10310: gcc -shared conftest.o  -v -Wl,-soname -Wl,conftest -o conftest 2\>\&1 \| /bin/grep  -lc  \>/dev/null 2\>\&1
configure:10313: $? = 0
configure:10325: result: no
configure:10489: checking dynamic linker characteristics
configure:10922: gcc -o conftest -g -O2   -Wl,-rpath -Wl,/foo conftest.c  >&5
configure:10922: $? = 0
configure:11152: result: GNU/Linux ld.so
configure:11254: checking how to hardcode library paths into programs
configure:11279: result: immediate
configure:11799: checking whether stripping libraries is possible
configure:11804: result: yes
configure:11839: checking if libtool supports shared libraries
configure:11841: result: yes
configure:11844: checking whether to build shared libraries
configure:11865: result: yes
configure:11868: checking whether to build static libraries
configure:11872: result: no
configure:12022: checking for ld used by g++
configure:12089: result: /usr/bin/ld -m elf_x86_64
configure:12096: checking if the linker (/usr/bin/ld -m elf_x86_64) is GNU ld
configure:12111: result: yes
configure:12166: checking whether the g++ linker (/usr/bin/ld -m elf_x86_64) supports shared libraries
configure:13079: result: yes
configure:13107: g++ -c -g -O2  conftest.cpp >&5
configure:13110: $? = 0
configure:13292: checking for g++ option to produce PIC
configure:13609: result: -fPIC -DPIC
configure:13618: checking if g++ PIC flag -fPIC -DPIC works
configure:13636: g++ -c -g -O2  -fPIC -DPIC -DPIC conftest.cpp >&5
configure:13640: $? = 0
configure:13653: result: yes
configure:13674: checking if g++ static flag -static works
configure:13702: result: yes
configure:13714: checking if g++ supports -c -o file.o
configure:13735: g++ -c -g -O2  -o out/conftest2.o conftest.cpp >&5
configure:13739: $? = 0
configure:13761: result: yes
configure:13766: checking if g++ supports -c -o file.o
configure:13813: result: yes
configure:13843: checking whether the g++ linker (/usr/bin/ld -m elf_x86_64) supports shared libraries
configure:13872: result: yes
configure:14009: checking dynamic linker characteristics
configure:14390: g++ -o conftest -g -O2   -Wl,-rpath -Wl,/foo conftest.cpp  >&5
configure:14390: $? = 0
configure:14620: result: GNU/Linux ld.so
configure:14671: checking how to hardcode library paths into programs
configure:14696: result: immediate
configure:14807: checking for pkg-config
configure:14825: found /usr/bin/pkg-config
configure:14837: result: /usr/bin/pkg-config
configure:14862: checking pkg-config is at least version 0.9.0
configure:14865: result: yes
configure:14883: $PKG_CONFIG --exists --print-errors "cairo-$cairomm_mod"
configure:14886: $? = 0
configure:14883: $PKG_CONFIG --exists --print-errors "cairo-$cairomm_mod"
configure:14886: $? = 0
configure:14883: $PKG_CONFIG --exists --print-errors "cairo-$cairomm_mod"
configure:14886: $? = 0
configure:14883: $PKG_CONFIG --exists --print-errors "cairo-$cairomm_mod"
configure:14886: $? = 0
configure:14883: $PKG_CONFIG --exists --print-errors "cairo-$cairomm_mod"
configure:14886: $? = 0
configure:14883: $PKG_CONFIG --exists --print-errors "cairo-$cairomm_mod"
configure:14886: $? = 0
configure:14883: $PKG_CONFIG --exists --print-errors "cairo-$cairomm_mod"
configure:14886: $? = 0
configure:14883: $PKG_CONFIG --exists --print-errors "cairo-$cairomm_mod"
Package cairo-win32 was not found in the pkg-config search path.
Perhaps you should add the directory containing `cairo-win32.pc'
to the PKG_CONFIG_PATH environment variable
No package 'cairo-win32' found
configure:14886: $? = 1
configure:14883: $PKG_CONFIG --exists --print-errors "cairo-$cairomm_mod"
Package cairo-win32-font was not found in the pkg-config search path.
Perhaps you should add the directory containing `cairo-win32-font.pc'
to the PKG_CONFIG_PATH environment variable
No package 'cairo-win32-font' found
configure:14886: $? = 1
configure:14883: $PKG_CONFIG --exists --print-errors "cairo-$cairomm_mod"
Package cairo-quartz was not found in the pkg-config search path.
Perhaps you should add the directory containing `cairo-quartz.pc'
to the PKG_CONFIG_PATH environment variable
No package 'cairo-quartz' found
configure:14886: $? = 1
configure:14883: $PKG_CONFIG --exists --print-errors "cairo-$cairomm_mod"
Package cairo-quartz-font was not found in the pkg-config search path.
Perhaps you should add the directory containing `cairo-quartz-font.pc'
to the PKG_CONFIG_PATH environment variable
No package 'cairo-quartz-font' found
configure:14886: $? = 1
configure:14883: $PKG_CONFIG --exists --print-errors "cairo-$cairomm_mod"
Package cairo-quartz-image was not found in the pkg-config search path.
Perhaps you should add the directory containing `cairo-quartz-image.pc'
to the PKG_CONFIG_PATH environment variable
No package 'cairo-quartz-image' found
configure:14886: $? = 1
configure:14897: checking for CAIROMM
configure:14904: $PKG_CONFIG --exists --print-errors "$cairomm_allmodules"
configure:14907: $? = 0
configure:14920: $PKG_CONFIG --exists --print-errors "$cairomm_allmodules"
configure:14923: $? = 0
configure:14980: result: yes
configure:14987: checking for perl
configure:15005: found /usr/bin/perl
configure:15018: result: /usr/bin/perl
configure:15029: checking for dot
configure:15047: found /usr/bin/dot
configure:15060: result: /usr/bin/dot
configure:15070: checking for doxygen
configure:15088: found /usr/bin/doxygen
configure:15101: result: /usr/bin/doxygen
configure:15111: checking for xsltproc
configure:15129: found /usr/bin/xsltproc
configure:15142: result: /usr/bin/xsltproc
configure:15203: checking for libstdc documentation
configure:15259: result: libstdc++.tag@
configure:15267: WARNING: Location of external libstdc documentation not set
configure:15289: checking for libsigc documentation
configure:15345: result: /usr/local/share/doc/libsigc++-2.0/reference/libsigc++-2.0.tag@file:///usr/local/share/doc/libsigc++-2.0/reference/html
configure:15396: checking which C++ compiler warning flags to use
configure:15446: result: -Wall
configure:15916: disabled support of automated tests
configure:16103: creating ./config.status

## ---------------------- ##
## Running config.status. ##
## ---------------------- ##

This file was extended by cairomm config.status 1.10.0, which was
generated by GNU Autoconf 2.68.  Invocation command line was

  CONFIG_FILES    = 
  CONFIG_HEADERS  = 
  CONFIG_LINKS    = 
  CONFIG_COMMANDS = 
  $ ./config.status 

on ananth-vm

config.status:1201: creating Makefile
config.status:1201: creating cairomm/Makefile
config.status:1201: creating tests/Makefile
config.status:1201: creating examples/Makefile
config.status:1201: creating docs/Makefile
config.status:1201: creating docs/reference/Doxyfile
config.status:1201: creating data/cairomm-1.0.pc
config.status:1201: creating data/cairomm-ft-1.0.pc
config.status:1201: creating data/cairomm-pdf-1.0.pc
config.status:1201: creating data/cairomm-png-1.0.pc
config.status:1201: creating data/cairomm-ps-1.0.pc
config.status:1201: creating data/cairomm-quartz-1.0.pc
config.status:1201: creating data/cairomm-quartz-font-1.0.pc
config.status:1201: creating data/cairomm-quartz-image-1.0.pc
config.status:1201: creating data/cairomm-svg-1.0.pc
config.status:1201: creating data/cairomm-win32-1.0.pc
config.status:1201: creating data/cairomm-win32-font-1.0.pc
config.status:1201: creating data/cairomm-xlib-1.0.pc
config.status:1201: creating data/cairomm-xlib-xrender-1.0.pc
config.status:1201: creating MSVC_Net2005/cairomm/cairomm.rc
config.status:1201: creating MSVC_Net2008/cairomm/cairomm.rc
config.status:1201: creating MSVC_Net2010/cairomm/cairomm.rc
config.status:1201: creating build/config.h
config.status:1201: creating cairommconfig.h
config.status:1430: executing depfiles commands
config.status:1430: executing libtool commands
config.status:1430: executing MSVC_Net2005/cairomm/cairommconfig.h commands
config.status:1430: executing MSVC_Net2008/cairomm/cairommconfig.h commands
config.status:1430: executing MSVC_Net2010/cairomm/cairommconfig.h commands

## ---------------- ##
## Cache variables. ##
## ---------------- ##

ac_cv_build=x86_64-unknown-linux-gnu
ac_cv_c_compiler_gnu=yes
ac_cv_cxx_compiler_gnu=yes
ac_cv_env_ACLOCAL_FLAGS_set=
ac_cv_env_ACLOCAL_FLAGS_value=
ac_cv_env_CAIROMM_CFLAGS_set=
ac_cv_env_CAIROMM_CFLAGS_value=
ac_cv_env_CAIROMM_LIBS_set=
ac_cv_env_CAIROMM_LIBS_value=
ac_cv_env_CCC_set=
ac_cv_env_CCC_value=
ac_cv_env_CC_set=
ac_cv_env_CC_value=
ac_cv_env_CFLAGS_set=
ac_cv_env_CFLAGS_value=
ac_cv_env_CPPFLAGS_set=
ac_cv_env_CPPFLAGS_value=
ac_cv_env_CPP_set=
ac_cv_env_CPP_value=
ac_cv_env_CXXCPP_set=
ac_cv_env_CXXCPP_value=
ac_cv_env_CXXFLAGS_set=
ac_cv_env_CXXFLAGS_value=
ac_cv_env_CXX_set=
ac_cv_env_CXX_value=
ac_cv_env_DOT_set=
ac_cv_env_DOT_value=
ac_cv_env_DOXYGEN_set=
ac_cv_env_DOXYGEN_value=
ac_cv_env_LDFLAGS_set=
ac_cv_env_LDFLAGS_value=
ac_cv_env_LIBS_set=
ac_cv_env_LIBS_value=
ac_cv_env_PERL_set=
ac_cv_env_PERL_value=
ac_cv_env_PKG_CONFIG_LIBDIR_set=
ac_cv_env_PKG_CONFIG_LIBDIR_value=
ac_cv_env_PKG_CONFIG_PATH_set=
ac_cv_env_PKG_CONFIG_PATH_value=
ac_cv_env_PKG_CONFIG_set=
ac_cv_env_PKG_CONFIG_value=
ac_cv_env_XSLTPROC_set=
ac_cv_env_XSLTPROC_value=
ac_cv_env_build_alias_set=
ac_cv_env_build_alias_value=
ac_cv_env_host_alias_set=
ac_cv_env_host_alias_value=
ac_cv_env_target_alias_set=
ac_cv_env_target_alias_value=
ac_cv_header_dlfcn_h=yes
ac_cv_header_inttypes_h=yes
ac_cv_header_memory_h=yes
ac_cv_header_stdc=yes
ac_cv_header_stdint_h=yes
ac_cv_header_stdlib_h=yes
ac_cv_header_string_h=yes
ac_cv_header_strings_h=yes
ac_cv_header_sys_stat_h=yes
ac_cv_header_sys_types_h=yes
ac_cv_header_unistd_h=yes
ac_cv_host=x86_64-unknown-linux-gnu
ac_cv_objext=o
ac_cv_path_DOT=/usr/bin/dot
ac_cv_path_DOXYGEN=/usr/bin/doxygen
ac_cv_path_EGREP='/bin/grep -E'
ac_cv_path_FGREP='/bin/grep -F'
ac_cv_path_GREP=/bin/grep
ac_cv_path_PERL=/usr/bin/perl
ac_cv_path_SED=/bin/sed
ac_cv_path_XSLTPROC=/usr/bin/xsltproc
ac_cv_path_ac_pt_PKG_CONFIG=/usr/bin/pkg-config
ac_cv_path_install='/usr/bin/install -c'
ac_cv_path_mkdir=/bin/mkdir
ac_cv_prog_AWK=gawk
ac_cv_prog_CPP='gcc -E'
ac_cv_prog_CXXCPP='g++ -E'
ac_cv_prog_ac_ct_AR=ar
ac_cv_prog_ac_ct_CC=gcc
ac_cv_prog_ac_ct_CXX=g++
ac_cv_prog_ac_ct_OBJDUMP=objdump
ac_cv_prog_ac_ct_RANLIB=ranlib
ac_cv_prog_ac_ct_STRIP=strip
ac_cv_prog_cc_c89=
ac_cv_prog_cc_g=yes
ac_cv_prog_cxx_g=yes
ac_cv_prog_make_make_set=yes
am_cv_CC_dependencies_compiler_type=gcc3
am_cv_CXX_dependencies_compiler_type=gcc3
am_cv_prog_tar_pax=gnutar
lt_cv_deplibs_check_method=pass_all
lt_cv_file_magic_cmd='$MAGIC_CMD'
lt_cv_file_magic_test_file=
lt_cv_ld_reload_flag=-r
lt_cv_nm_interface='BSD nm'
lt_cv_objdir=.libs
lt_cv_path_LD=/usr/bin/ld
lt_cv_path_LDCXX='/usr/bin/ld -m elf_x86_64'
lt_cv_path_NM='/usr/bin/nm -B'
lt_cv_prog_compiler_c_o=yes
lt_cv_prog_compiler_c_o_CXX=yes
lt_cv_prog_compiler_pic_works=yes
lt_cv_prog_compiler_pic_works_CXX=yes
lt_cv_prog_compiler_rtti_exceptions=no
lt_cv_prog_compiler_static_works=yes
lt_cv_prog_compiler_static_works_CXX=yes
lt_cv_prog_gnu_ld=yes
lt_cv_prog_gnu_ldcxx=yes
lt_cv_sys_global_symbol_pipe='sed -n -e '\''s/^.*[	 ]\([ABCDGIRSTW][ABCDGIRSTW]*\)[	 ][	 ]*\([_A-Za-z][_A-Za-z0-9]*\)$/\1 \2 \2/p'\'''
lt_cv_sys_global_symbol_to_c_name_address='sed -n -e '\''s/^: \([^ ]*\) $/  {\"\1\", (void *) 0},/p'\'' -e '\''s/^[ABCDGIRSTW]* \([^ ]*\) \([^ ]*\)$/  {"\2", (void *) \&\2},/p'\'''
lt_cv_sys_global_symbol_to_c_name_address_lib_prefix='sed -n -e '\''s/^: \([^ ]*\) $/  {\"\1\", (void *) 0},/p'\'' -e '\''s/^[ABCDGIRSTW]* \([^ ]*\) \(lib[^ ]*\)$/  {"\2", (void *) \&\2},/p'\'' -e '\''s/^[ABCDGIRSTW]* \([^ ]*\) \([^ ]*\)$/  {"lib\2", (void *) \&\2},/p'\'''
lt_cv_sys_global_symbol_to_cdecl='sed -n -e '\''s/^T .* \(.*\)$/extern int \1();/p'\'' -e '\''s/^[ABCDGIRSTW]* .* \(.*\)$/extern char \1;/p'\'''
lt_cv_sys_max_cmd_len=1572864
pkg_cv_CAIROMM_CFLAGS='-I/usr/local/include/sigc++-2.0 -I/usr/local/lib/sigc++-2.0/include -I/usr/include/cairo -I/usr/include/glib-2.0 -I/usr/lib/x86_64-linux-gnu/glib-2.0/include -I/usr/include/pixman-1 -I/usr/include/freetype2 -I/usr/include/libpng12  '
pkg_cv_CAIROMM_LIBS='-L/usr/local/lib -lsigc-2.0 -lfreetype -lpng12 -lz -lXrender -lcairo -lX11  '

## ----------------- ##
## Output variables. ##
## ----------------- ##

ACLOCAL='${SHELL} /home/student/cairomm-1.10.0/build/missing --run aclocal-1.10'
ACLOCAL_FLAGS=''
AMDEPBACKSLASH='\'
AMDEP_FALSE='#'
AMDEP_TRUE=''
AMTAR='${SHELL} /home/student/cairomm-1.10.0/build/missing --run tar'
AR='ar'
AS='as'
AUTOCONF='${SHELL} /home/student/cairomm-1.10.0/build/missing --run autoconf'
AUTOHEADER='${SHELL} /home/student/cairomm-1.10.0/build/missing --run autoheader'
AUTOMAKE='${SHELL} /home/student/cairomm-1.10.0/build/missing --run automake-1.10'
AUTOTESTS_FALSE=''
AUTOTESTS_TRUE='#'
AWK='gawk'
BOOST_CPPFLAGS=''
BOOST_LDFLAGS=''
BOOST_UNIT_TEST_FRAMEWORK_LIB=''
BOOST_UNIT_TEST_FRAMEWORK_STATIC_LIB=''
CAIROMM_API_VERSION='1.0'
CAIROMM_CFLAGS='-I/usr/local/include/sigc++-2.0 -I/usr/local/lib/sigc++-2.0/include -I/usr/include/cairo -I/usr/include/glib-2.0 -I/usr/lib/x86_64-linux-gnu/glib-2.0/include -I/usr/include/pixman-1 -I/usr/include/freetype2 -I/usr/include/libpng12  '
CAIROMM_INSTALL_PC='data/cairomm-1.0.pc data/cairomm-ft-1.0.pc data/cairomm-pdf-1.0.pc data/cairomm-png-1.0.pc data/cairomm-ps-1.0.pc data/cairomm-svg-1.0.pc data/cairomm-xlib-1.0.pc data/cairomm-xlib-xrender-1.0.pc'
CAIROMM_LIBS='-L/usr/local/lib -lsigc-2.0 -lfreetype -lpng12 -lz -lXrender -lcairo -lX11  '
CAIROMM_MAJOR_VERSION='1'
CAIROMM_MICRO_VERSION='0'
CAIROMM_MINOR_VERSION='10'
CAIROMM_MODULES='cairo >= 1.10.0 sigc++-2.0'
CAIROMM_MODULE_NAME='cairomm-1.0'
CAIROMM_SO_VERSION='5:0:4'
CAIROMM_VERSION='1.10.0'
CAIROMM_WXXFLAGS='-Wall'
CC='gcc'
CCDEPMODE='depmode=gcc3'
CFLAGS='-g -O2'
CPP='gcc -E'
CPPFLAGS=''
CXX='g++'
CXXCPP='g++ -E'
CXXDEPMODE='depmode=gcc3'
CXXFLAGS='-g -O2'
CYGPATH_W='echo'
DEFS='-DHAVE_CONFIG_H'
DEPDIR='.deps'
DIST_DOCTOOLS_FALSE='#'
DIST_DOCTOOLS_TRUE=''
DLLTOOL='dlltool'
DOCINSTALL_FLAGS='-l '\''libsigc++-2.0.tag@file:///usr/local/share/doc/libsigc++-2.0/reference/html/'\'''
DOT='/usr/bin/dot'
DOXYGEN='/usr/bin/doxygen'
DOXYGEN_TAGFILES='"libstdc++.tag" "/usr/local/share/doc/libsigc++-2.0/reference/libsigc++-2.0.tag=http://library.gnome.org/devel/libsigc++/unstable"'
DSYMUTIL=''
DUMPBIN=''
ECHO_C=''
ECHO_N='-n'
ECHO_T=''
EGREP='/bin/grep -E'
ENABLE_DOCUMENTATION_FALSE='#'
ENABLE_DOCUMENTATION_TRUE=''
EXEEXT=''
FGREP='/bin/grep -F'
GREP='/bin/grep'
INSTALL_DATA='${INSTALL} -m 644'
INSTALL_PROGRAM='${INSTALL}'
INSTALL_SCRIPT='${INSTALL}'
INSTALL_STRIP_PROGRAM='$(install_sh) -c -s'
LD='/usr/bin/ld -m elf_x86_64'
LDFLAGS=''
LIBOBJS=''
LIBS=''
LIBTOOL='$(SHELL) $(top_builddir)/libtool'
LIPO=''
LN_S='ln -s'
LTLIBOBJS=''
MAINT='#'
MAINTAINER_MODE_FALSE=''
MAINTAINER_MODE_TRUE='#'
MAKEINFO='${SHELL} /home/student/cairomm-1.10.0/build/missing --run makeinfo'
MKDIR_P='/bin/mkdir -p'
MMDOCTOOLDIR='${top_srcdir}/docs'
NM='/usr/bin/nm -B'
NMEDIT=''
OBJDUMP='objdump'
OBJEXT='o'
OTOOL64=''
OTOOL=''
PACKAGE='cairomm'
PACKAGE_BUGREPORT='https://bugs.freedesktop.org/enter_bug.cgi?product=cairomm'
PACKAGE_NAME='cairomm'
PACKAGE_STRING='cairomm 1.10.0'
PACKAGE_TARNAME='cairomm'
PACKAGE_URL='http://www.cairographics.org/cairomm/'
PACKAGE_VERSION='1.10.0'
PATH_SEPARATOR=':'
PERL='/usr/bin/perl'
PKG_CONFIG='/usr/bin/pkg-config'
PKG_CONFIG_LIBDIR=''
PKG_CONFIG_PATH=''
RANLIB='ranlib'
SED='/bin/sed'
SET_MAKE=''
SHELL='/bin/bash'
STRIP='strip'
VERSION='1.10.0'
XSLTPROC='/usr/bin/xsltproc'
ac_ct_CC='gcc'
ac_ct_CXX='g++'
ac_ct_DUMPBIN=''
am__fastdepCC_FALSE='#'
am__fastdepCC_TRUE=''
am__fastdepCXX_FALSE='#'
am__fastdepCXX_TRUE=''
am__include='include'
am__isrc=''
am__leading_dot='.'
am__quote=''
am__tar='tar --format=posix -chf - "$$tardir"'
am__untar='tar -xf -'
bindir='${exec_prefix}/bin'
build='x86_64-unknown-linux-gnu'
build_alias=''
build_cpu='x86_64'
build_os='linux-gnu'
build_vendor='unknown'
datadir='${datarootdir}'
datarootdir='${prefix}/share'
docdir='${datarootdir}/doc/${PACKAGE_TARNAME}'
dvidir='${docdir}'
exec_prefix='${prefix}'
host='x86_64-unknown-linux-gnu'
host_alias=''
host_cpu='x86_64'
host_os='linux-gnu'
host_vendor='unknown'
htmldir='${docdir}'
includedir='${prefix}/include'
infodir='${datarootdir}/info'
install_sh='$(SHELL) /home/student/cairomm-1.10.0/build/install-sh'
libdir='${exec_prefix}/lib'
libexecdir='${exec_prefix}/libexec'
localedir='${datarootdir}/locale'
localstatedir='${prefix}/var'
lt_ECHO='echo'
mandir='${datarootdir}/man'
mkdir_p='/bin/mkdir -p'
oldincludedir='/usr/include'
pdfdir='${docdir}'
prefix='/usr'
program_transform_name='s,x,x,'
psdir='${docdir}'
sbindir='${exec_prefix}/sbin'
sharedstatedir='${prefix}/com'
sysconfdir='${prefix}/etc'
target_alias=''

## ----------- ##
## confdefs.h. ##
## ----------- ##

/* confdefs.h */
#define PACKAGE_NAME "cairomm"
#define PACKAGE_TARNAME "cairomm"
#define PACKAGE_VERSION "1.10.0"
#define PACKAGE_STRING "cairomm 1.10.0"
#define PACKAGE_BUGREPORT "https://bugs.freedesktop.org/enter_bug.cgi?product=cairomm"
#define PACKAGE_URL "http://www.cairographics.org/cairomm/"
#define CAIROMM_MAJOR_VERSION 1
#define CAIROMM_MINOR_VERSION 10
#define CAIROMM_MICRO_VERSION 0
#define STDC_HEADERS 1
#define HAVE_SYS_TYPES_H 1
#define HAVE_SYS_STAT_H 1
#define HAVE_STDLIB_H 1
#define HAVE_STRING_H 1
#define HAVE_MEMORY_H 1
#define HAVE_STRINGS_H 1
#define HAVE_INTTYPES_H 1
#define HAVE_STDINT_H 1
#define HAVE_UNISTD_H 1
#define HAVE_DLFCN_H 1
#define LT_OBJDIR ".libs/"
#define CAIROMM_EXCEPTIONS_ENABLED 1

configure: exit 0
