This file contains any messages produced by compilers while
running configure, to aid debugging if configure makes a mistake.

It was created by libsigc++ configure 2.3.2, which was
generated by GNU Autoconf 2.69.  Invocation command line was

  $ ./configure 

## --------- ##
## Platform. ##
## --------- ##

hostname = course-vm
uname -m = x86_64
uname -r = 3.8.0-35-generic
uname -s = Linux
uname -v = #50~precise1-Ubuntu SMP Wed Dec 4 17:25:51 UTC 2013

/usr/bin/uname -p = unknown
/bin/uname -X     = unknown

/bin/arch              = unknown
/usr/bin/arch -k       = unknown
/usr/convex/getsysinfo = unknown
/usr/bin/hostinfo      = unknown
/bin/machine           = unknown
/usr/bin/oslevel       = unknown
/bin/universe          = unknown

PATH: /usr/lib/lightdm/lightdm
PATH: /usr/local/sbin
PATH: /usr/local/bin
PATH: /usr/sbin
PATH: /usr/bin
PATH: /sbin
PATH: /bin
PATH: /usr/games


## ----------- ##
## Core tests. ##
## ----------- ##

configure:2368: checking for a BSD-compatible install
configure:2436: result: /usr/bin/install -c
configure:2447: checking whether build environment is sane
configure:2502: result: yes
configure:2653: checking for a thread-safe mkdir -p
configure:2692: result: /bin/mkdir -p
configure:2699: checking for gawk
configure:2715: found /usr/bin/gawk
configure:2726: result: gawk
configure:2737: checking whether make sets $(MAKE)
configure:2759: result: yes
configure:2788: checking whether make supports nested variables
configure:2805: result: yes
configure:2885: checking whether UID '1000' is supported by ustar format
configure:2888: result: yes
configure:2895: checking whether GID '1000' is supported by ustar format
configure:2898: result: yes
configure:2906: checking how to create a ustar tar archive
configure:2917: tar --version
tar (GNU tar) 1.26
Copyright (C) 2011 Free Software Foundation, Inc.
License GPLv3+: GNU GPL version 3 or later <http://gnu.org/licenses/gpl.html>.
This is free software: you are free to change and redistribute it.
There is NO WARRANTY, to the extent permitted by law.

Written by John Gilmore and Jay Fenlason.
configure:2920: $? = 0
configure:2960: tardir=conftest.dir && eval tar --format=ustar -chf - "$tardir" >conftest.tar
configure:2963: $? = 0
configure:2967: tar -xf - <conftest.tar
configure:2970: $? = 0
configure:2972: cat conftest.dir/file
GrepMe
configure:2975: $? = 0
configure:2988: result: gnutar
configure:3048: checking whether make supports nested variables
configure:3065: result: yes
configure:3077: checking whether to enable maintainer-specific portions of Makefiles
configure:3086: result: no
configure:3103: checking whether make supports GNU make features
test 'success' = success
configure:3117: result: yes
configure:3216: checking for g++
configure:3232: found /usr/bin/g++
configure:3243: result: g++
configure:3270: checking for C++ compiler version
configure:3279: g++ --version >&5
g++ (Ubuntu 4.8.1-2ubuntu1~12.04) 4.8.1
Copyright (C) 2013 Free Software Foundation, Inc.
This is free software; see the source for copying conditions.  There is NO
warranty; not even for MERCHANTABILITY or FITNESS FOR A PARTICULAR PURPOSE.

configure:3290: $? = 0
configure:3279: g++ -v >&5
Using built-in specs.
COLLECT_GCC=g++
COLLECT_LTO_WRAPPER=/usr/lib/gcc/x86_64-linux-gnu/4.8/lto-wrapper
Target: x86_64-linux-gnu
Configured with: ../src/configure -v --with-pkgversion='Ubuntu 4.8.1-2ubuntu1~12.04' --with-bugurl=file:///usr/share/doc/gcc-4.8/README.Bugs --enable-languages=c,c++,java,go,d,fortran,objc,obj-c++ --prefix=/usr --program-suffix=-4.8 --enable-shared --enable-linker-build-id --libexecdir=/usr/lib --without-included-gettext --enable-threads=posix --with-gxx-include-dir=/usr/include/c++/4.8 --libdir=/usr/lib --enable-nls --with-sysroot=/ --enable-clocale=gnu --enable-libstdcxx-debug --enable-libstdcxx-time=yes --enable-gnu-unique-object --enable-plugin --with-system-zlib --disable-browser-plugin --enable-java-awt=gtk --enable-gtk-cairo --with-java-home=/usr/lib/jvm/java-1.5.0-gcj-4.8-amd64/jre --enable-java-home --with-jvm-root-dir=/usr/lib/jvm/java-1.5.0-gcj-4.8-amd64 --with-jvm-jar-dir=/usr/lib/jvm-exports/java-1.5.0-gcj-4.8-amd64 --with-arch-directory=amd64 --with-ecj-jar=/usr/share/java/eclipse-ecj.jar --enable-objc-gc --enable-multiarch --disable-werror --with-arch-32=i686 --with-abi=m64 --with-multilib-list=m32,m64 --with-tune=generic --enable-checking=release --build=x86_64-linux-gnu --host=x86_64-linux-gnu --target=x86_64-linux-gnu
Thread model: posix
gcc version 4.8.1 (Ubuntu 4.8.1-2ubuntu1~12.04) 
configure:3290: $? = 0
configure:3279: g++ -V >&5
g++: error: unrecognized command line option '-V'
g++: fatal error: no input files
compilation terminated.
configure:3290: $? = 4
configure:3279: g++ -qversion >&5
g++: error: unrecognized command line option '-qversion'
g++: fatal error: no input files
compilation terminated.
configure:3290: $? = 4
configure:3310: checking whether the C++ compiler works
configure:3332: g++    conftest.cpp  >&5
configure:3336: $? = 0
configure:3384: result: yes
configure:3387: checking for C++ compiler default output file name
configure:3389: result: a.out
configure:3395: checking for suffix of executables
configure:3402: g++ -o conftest    conftest.cpp  >&5
configure:3406: $? = 0
configure:3428: result: 
configure:3450: checking whether we are cross compiling
configure:3458: g++ -o conftest    conftest.cpp  >&5
configure:3462: $? = 0
configure:3469: ./conftest
configure:3473: $? = 0
configure:3488: result: no
configure:3493: checking for suffix of object files
configure:3515: g++ -c   conftest.cpp >&5
configure:3519: $? = 0
configure:3540: result: o
configure:3544: checking whether we are using the GNU C++ compiler
configure:3563: g++ -c   conftest.cpp >&5
configure:3563: $? = 0
configure:3572: result: yes
configure:3581: checking whether g++ accepts -g
configure:3601: g++ -c -g  conftest.cpp >&5
configure:3601: $? = 0
configure:3642: result: yes
configure:3676: checking for style of include used by make
configure:3704: result: GNU
configure:3730: checking dependency style of g++
configure:3841: result: gcc3
configure:3916: checking build system type
configure:3930: result: x86_64-unknown-linux-gnu
configure:3950: checking host system type
configure:3963: result: x86_64-unknown-linux-gnu
configure:4004: checking how to print strings
configure:4031: result: printf
configure:4100: checking for gcc
configure:4116: found /usr/bin/gcc
configure:4127: result: gcc
configure:4356: checking for C compiler version
configure:4365: gcc --version >&5
gcc (Ubuntu 4.8.1-2ubuntu1~12.04) 4.8.1
Copyright (C) 2013 Free Software Foundation, Inc.
This is free software; see the source for copying conditions.  There is NO
warranty; not even for MERCHANTABILITY or FITNESS FOR A PARTICULAR PURPOSE.

configure:4376: $? = 0
configure:4365: gcc -v >&5
Using built-in specs.
COLLECT_GCC=gcc
COLLECT_LTO_WRAPPER=/usr/lib/gcc/x86_64-linux-gnu/4.8/lto-wrapper
Target: x86_64-linux-gnu
Configured with: ../src/configure -v --with-pkgversion='Ubuntu 4.8.1-2ubuntu1~12.04' --with-bugurl=file:///usr/share/doc/gcc-4.8/README.Bugs --enable-languages=c,c++,java,go,d,fortran,objc,obj-c++ --prefix=/usr --program-suffix=-4.8 --enable-shared --enable-linker-build-id --libexecdir=/usr/lib --without-included-gettext --enable-threads=posix --with-gxx-include-dir=/usr/include/c++/4.8 --libdir=/usr/lib --enable-nls --with-sysroot=/ --enable-clocale=gnu --enable-libstdcxx-debug --enable-libstdcxx-time=yes --enable-gnu-unique-object --enable-plugin --with-system-zlib --disable-browser-plugin --enable-java-awt=gtk --enable-gtk-cairo --with-java-home=/usr/lib/jvm/java-1.5.0-gcj-4.8-amd64/jre --enable-java-home --with-jvm-root-dir=/usr/lib/jvm/java-1.5.0-gcj-4.8-amd64 --with-jvm-jar-dir=/usr/lib/jvm-exports/java-1.5.0-gcj-4.8-amd64 --with-arch-directory=amd64 --with-ecj-jar=/usr/share/java/eclipse-ecj.jar --enable-objc-gc --enable-multiarch --disable-werror --with-arch-32=i686 --with-abi=m64 --with-multilib-list=m32,m64 --with-tune=generic --enable-checking=release --build=x86_64-linux-gnu --host=x86_64-linux-gnu --target=x86_64-linux-gnu
Thread model: posix
gcc version 4.8.1 (Ubuntu 4.8.1-2ubuntu1~12.04) 
configure:4376: $? = 0
configure:4365: gcc -V >&5
gcc: error: unrecognized command line option '-V'
gcc: fatal error: no input files
compilation terminated.
configure:4376: $? = 4
configure:4365: gcc -qversion >&5
gcc: error: unrecognized command line option '-qversion'
gcc: fatal error: no input files
compilation terminated.
configure:4376: $? = 4
configure:4380: checking whether we are using the GNU C compiler
configure:4399: gcc -c   conftest.c >&5
configure:4399: $? = 0
configure:4408: result: yes
configure:4417: checking whether gcc accepts -g
configure:4437: gcc -c -g  conftest.c >&5
configure:4437: $? = 0
configure:4478: result: yes
configure:4495: checking for gcc option to accept ISO C89
configure:4558: gcc  -c -g -O2  conftest.c >&5
configure:4558: $? = 0
configure:4571: result: none needed
configure:4596: checking whether gcc understands -c and -o together
configure:4618: gcc -c conftest.c -o conftest2.o
configure:4621: $? = 0
configure:4618: gcc -c conftest.c -o conftest2.o
configure:4621: $? = 0
configure:4633: result: yes
configure:4652: checking dependency style of gcc
configure:4763: result: gcc3
configure:4778: checking for a sed that does not truncate output
configure:4842: result: /bin/sed
configure:4860: checking for grep that handles long lines and -e
configure:4918: result: /bin/grep
configure:4923: checking for egrep
configure:4985: result: /bin/grep -E
configure:4990: checking for fgrep
configure:5052: result: /bin/grep -F
configure:5087: checking for ld used by gcc
configure:5154: result: /usr/bin/ld
configure:5161: checking if the linker (/usr/bin/ld) is GNU ld
configure:5176: result: yes
configure:5188: checking for BSD- or MS-compatible name lister (nm)
configure:5237: result: /usr/bin/nm -B
configure:5367: checking the name lister (/usr/bin/nm -B) interface
configure:5374: gcc -c -g -O2  conftest.c >&5
configure:5377: /usr/bin/nm -B "conftest.o"
configure:5380: output
0000000000000000 B some_variable
configure:5387: result: BSD nm
configure:5390: checking whether ln -s works
configure:5394: result: yes
configure:5402: checking the maximum length of command line arguments
configure:5533: result: 1572864
configure:5550: checking whether the shell understands some XSI constructs
configure:5560: result: yes
configure:5564: checking whether the shell understands "+="
configure:5570: result: yes
configure:5605: checking how to convert x86_64-unknown-linux-gnu file names to x86_64-unknown-linux-gnu format
configure:5645: result: func_convert_file_noop
configure:5652: checking how to convert x86_64-unknown-linux-gnu file names to toolchain format
configure:5672: result: func_convert_file_noop
configure:5679: checking for /usr/bin/ld option to reload object files
configure:5686: result: -r
configure:5760: checking for objdump
configure:5776: found /usr/bin/objdump
configure:5787: result: objdump
configure:5816: checking how to recognize dependent libraries
configure:6014: result: pass_all
configure:6099: checking for dlltool
configure:6129: result: no
configure:6156: checking how to associate runtime and link libraries
configure:6183: result: printf %s\n
configure:6244: checking for ar
configure:6260: found /usr/bin/ar
configure:6271: result: ar
configure:6308: checking for archiver @FILE support
configure:6325: gcc -c -g -O2  conftest.c >&5
configure:6325: $? = 0
configure:6328: ar cru libconftest.a @conftest.lst >&5
configure:6331: $? = 0
configure:6336: ar cru libconftest.a @conftest.lst >&5
ar: conftest.o: No such file or directory
configure:6339: $? = 1
configure:6351: result: @
configure:6409: checking for strip
configure:6425: found /usr/bin/strip
configure:6436: result: strip
configure:6508: checking for ranlib
configure:6524: found /usr/bin/ranlib
configure:6535: result: ranlib
configure:6637: checking command to parse /usr/bin/nm -B output from gcc object
configure:6757: gcc -c -g -O2  conftest.c >&5
configure:6760: $? = 0
configure:6764: /usr/bin/nm -B conftest.o \| sed -n -e 's/^.*[ ]\([ABCDGIRSTW][ABCDGIRSTW]*\)[ ][ ]*\([_A-Za-z][_A-Za-z0-9]*\)$/\1 \2 \2/p' | sed '/ __gnu_lto/d' \> conftest.nm
configure:6767: $? = 0
configure:6833: gcc -o conftest -g -O2   conftest.c conftstm.o >&5
configure:6836: $? = 0
configure:6874: result: ok
configure:6911: checking for sysroot
configure:6941: result: no
configure:7018: gcc -c -g -O2  conftest.c >&5
configure:7021: $? = 0
configure:7210: checking for mt
configure:7226: found /bin/mt
configure:7237: result: mt
configure:7260: checking if mt is a manifest tool
configure:7266: mt '-?'
configure:7274: result: no
configure:7916: checking how to run the C preprocessor
configure:7947: gcc -E  conftest.c
configure:7947: $? = 0
configure:7961: gcc -E  conftest.c
conftest.c:12:28: fatal error: ac_nonexistent.h: No such file or directory
 #include <ac_nonexistent.h>
                            ^
compilation terminated.
configure:7961: $? = 1
configure: failed program was:
| /* confdefs.h */
| #define PACKAGE_NAME "libsigc++"
| #define PACKAGE_TARNAME "libsigc++"
| #define PACKAGE_VERSION "2.3.2"
| #define PACKAGE_STRING "libsigc++ 2.3.2"
| #define PACKAGE_BUGREPORT "http://bugzilla.gnome.org/enter_bug.cgi?product=libsigc%2B%2B"
| #define PACKAGE_URL "http://libsigc.sourceforge.net/"
| #define SIGCXX_MAJOR_VERSION 2
| #define SIGCXX_MINOR_VERSION 3
| #define SIGCXX_MICRO_VERSION 2
| /* end confdefs.h.  */
| #include <ac_nonexistent.h>
configure:7986: result: gcc -E
configure:8006: gcc -E  conftest.c
configure:8006: $? = 0
configure:8020: gcc -E  conftest.c
conftest.c:12:28: fatal error: ac_nonexistent.h: No such file or directory
 #include <ac_nonexistent.h>
                            ^
compilation terminated.
configure:8020: $? = 1
configure: failed program was:
| /* confdefs.h */
| #define PACKAGE_NAME "libsigc++"
| #define PACKAGE_TARNAME "libsigc++"
| #define PACKAGE_VERSION "2.3.2"
| #define PACKAGE_STRING "libsigc++ 2.3.2"
| #define PACKAGE_BUGREPORT "http://bugzilla.gnome.org/enter_bug.cgi?product=libsigc%2B%2B"
| #define PACKAGE_URL "http://libsigc.sourceforge.net/"
| #define SIGCXX_MAJOR_VERSION 2
| #define SIGCXX_MINOR_VERSION 3
| #define SIGCXX_MICRO_VERSION 2
| /* end confdefs.h.  */
| #include <ac_nonexistent.h>
configure:8049: checking for ANSI C header files
configure:8069: gcc -c -g -O2  conftest.c >&5
configure:8069: $? = 0
configure:8142: gcc -o conftest -g -O2   conftest.c  >&5
configure:8142: $? = 0
configure:8142: ./conftest
configure:8142: $? = 0
configure:8153: result: yes
configure:8166: checking for sys/types.h
configure:8166: gcc -c -g -O2  conftest.c >&5
configure:8166: $? = 0
configure:8166: result: yes
configure:8166: checking for sys/stat.h
configure:8166: gcc -c -g -O2  conftest.c >&5
configure:8166: $? = 0
configure:8166: result: yes
configure:8166: checking for stdlib.h
configure:8166: gcc -c -g -O2  conftest.c >&5
configure:8166: $? = 0
configure:8166: result: yes
configure:8166: checking for string.h
configure:8166: gcc -c -g -O2  conftest.c >&5
configure:8166: $? = 0
configure:8166: result: yes
configure:8166: checking for memory.h
configure:8166: gcc -c -g -O2  conftest.c >&5
configure:8166: $? = 0
configure:8166: result: yes
configure:8166: checking for strings.h
configure:8166: gcc -c -g -O2  conftest.c >&5
configure:8166: $? = 0
configure:8166: result: yes
configure:8166: checking for inttypes.h
configure:8166: gcc -c -g -O2  conftest.c >&5
configure:8166: $? = 0
configure:8166: result: yes
configure:8166: checking for stdint.h
configure:8166: gcc -c -g -O2  conftest.c >&5
configure:8166: $? = 0
configure:8166: result: yes
configure:8166: checking for unistd.h
configure:8166: gcc -c -g -O2  conftest.c >&5
configure:8166: $? = 0
configure:8166: result: yes
configure:8180: checking for dlfcn.h
configure:8180: gcc -c -g -O2  conftest.c >&5
configure:8180: $? = 0
configure:8180: result: yes
configure:8665: checking for objdir
configure:8680: result: .libs
configure:8951: checking if gcc supports -fno-rtti -fno-exceptions
configure:8969: gcc -c -g -O2  -fno-rtti -fno-exceptions conftest.c >&5
cc1: warning: command line option '-fno-rtti' is valid for C++/ObjC++ but not for C [enabled by default]
configure:8973: $? = 0
configure:8986: result: no
configure:9313: checking for gcc option to produce PIC
configure:9320: result: -fPIC -DPIC
configure:9328: checking if gcc PIC flag -fPIC -DPIC works
configure:9346: gcc -c -g -O2  -fPIC -DPIC -DPIC conftest.c >&5
configure:9350: $? = 0
configure:9363: result: yes
configure:9392: checking if gcc static flag -static works
configure:9420: result: yes
configure:9435: checking if gcc supports -c -o file.o
configure:9456: gcc -c -g -O2  -o out/conftest2.o conftest.c >&5
configure:9460: $? = 0
configure:9482: result: yes
configure:9490: checking if gcc supports -c -o file.o
configure:9537: result: yes
configure:9570: checking whether the gcc linker (/usr/bin/ld -m elf_x86_64) supports shared libraries
configure:10727: result: yes
configure:10764: checking whether -lc should be explicitly linked in
configure:10772: gcc -c -g -O2  conftest.c >&5
configure:10775: $? = 0
configure:10790: gcc -shared  -fPIC -DPIC conftest.o  -v -Wl,-soname -Wl,conftest -o conftest 2\>\&1 \| /bin/grep  -lc  \>/dev/null 2\>\&1
configure:10793: $? = 0
configure:10807: result: no
configure:10967: checking dynamic linker characteristics
configure:11467: gcc -o conftest -g -O2   -Wl,-rpath -Wl,/foo conftest.c  >&5
configure:11467: $? = 0
configure:11701: result: GNU/Linux ld.so
configure:11808: checking how to hardcode library paths into programs
configure:11833: result: immediate
configure:12373: checking whether stripping libraries is possible
configure:12378: result: yes
configure:12413: checking if libtool supports shared libraries
configure:12415: result: yes
configure:12418: checking whether to build shared libraries
configure:12439: result: yes
configure:12442: checking whether to build static libraries
configure:12446: result: no
configure:12469: checking how to run the C++ preprocessor
configure:12496: g++ -E  conftest.cpp
configure:12496: $? = 0
configure:12510: g++ -E  conftest.cpp
conftest.cpp:24:28: fatal error: ac_nonexistent.h: No such file or directory
 #include <ac_nonexistent.h>
                            ^
compilation terminated.
configure:12510: $? = 1
configure: failed program was:
| /* confdefs.h */
| #define PACKAGE_NAME "libsigc++"
| #define PACKAGE_TARNAME "libsigc++"
| #define PACKAGE_VERSION "2.3.2"
| #define PACKAGE_STRING "libsigc++ 2.3.2"
| #define PACKAGE_BUGREPORT "http://bugzilla.gnome.org/enter_bug.cgi?product=libsigc%2B%2B"
| #define PACKAGE_URL "http://libsigc.sourceforge.net/"
| #define SIGCXX_MAJOR_VERSION 2
| #define SIGCXX_MINOR_VERSION 3
| #define SIGCXX_MICRO_VERSION 2
| #define STDC_HEADERS 1
| #define HAVE_SYS_TYPES_H 1
| #define HAVE_SYS_STAT_H 1
| #define HAVE_STDLIB_H 1
| #define HAVE_STRING_H 1
| #define HAVE_MEMORY_H 1
| #define HAVE_STRINGS_H 1
| #define HAVE_INTTYPES_H 1
| #define HAVE_STDINT_H 1
| #define HAVE_UNISTD_H 1
| #define HAVE_DLFCN_H 1
| #define LT_OBJDIR ".libs/"
| /* end confdefs.h.  */
| #include <ac_nonexistent.h>
configure:12535: result: g++ -E
configure:12555: g++ -E  conftest.cpp
configure:12555: $? = 0
configure:12569: g++ -E  conftest.cpp
conftest.cpp:24:28: fatal error: ac_nonexistent.h: No such file or directory
 #include <ac_nonexistent.h>
                            ^
compilation terminated.
configure:12569: $? = 1
configure: failed program was:
| /* confdefs.h */
| #define PACKAGE_NAME "libsigc++"
| #define PACKAGE_TARNAME "libsigc++"
| #define PACKAGE_VERSION "2.3.2"
| #define PACKAGE_STRING "libsigc++ 2.3.2"
| #define PACKAGE_BUGREPORT "http://bugzilla.gnome.org/enter_bug.cgi?product=libsigc%2B%2B"
| #define PACKAGE_URL "http://libsigc.sourceforge.net/"
| #define SIGCXX_MAJOR_VERSION 2
| #define SIGCXX_MINOR_VERSION 3
| #define SIGCXX_MICRO_VERSION 2
| #define STDC_HEADERS 1
| #define HAVE_SYS_TYPES_H 1
| #define HAVE_SYS_STAT_H 1
| #define HAVE_STDLIB_H 1
| #define HAVE_STRING_H 1
| #define HAVE_MEMORY_H 1
| #define HAVE_STRINGS_H 1
| #define HAVE_INTTYPES_H 1
| #define HAVE_STDINT_H 1
| #define HAVE_UNISTD_H 1
| #define HAVE_DLFCN_H 1
| #define LT_OBJDIR ".libs/"
| /* end confdefs.h.  */
| #include <ac_nonexistent.h>
configure:12738: checking for ld used by g++
configure:12805: result: /usr/bin/ld -m elf_x86_64
configure:12812: checking if the linker (/usr/bin/ld -m elf_x86_64) is GNU ld
configure:12827: result: yes
configure:12882: checking whether the g++ linker (/usr/bin/ld -m elf_x86_64) supports shared libraries
configure:13884: result: yes
configure:13920: g++ -c -g -O2  conftest.cpp >&5
configure:13923: $? = 0
configure:14443: checking for g++ option to produce PIC
configure:14450: result: -fPIC -DPIC
configure:14458: checking if g++ PIC flag -fPIC -DPIC works
configure:14476: g++ -c -g -O2  -fPIC -DPIC -DPIC conftest.cpp >&5
configure:14480: $? = 0
configure:14493: result: yes
configure:14516: checking if g++ static flag -static works
configure:14544: result: yes
configure:14556: checking if g++ supports -c -o file.o
configure:14577: g++ -c -g -O2  -o out/conftest2.o conftest.cpp >&5
configure:14581: $? = 0
configure:14603: result: yes
configure:14608: checking if g++ supports -c -o file.o
configure:14655: result: yes
configure:14685: checking whether the g++ linker (/usr/bin/ld -m elf_x86_64) supports shared libraries
configure:14724: result: yes
configure:14865: checking dynamic linker characteristics
configure:15533: result: GNU/Linux ld.so
configure:15586: checking how to hardcode library paths into programs
configure:15611: result: immediate
configure:15678: checking for gm4
configure:15708: result: no
configure:15678: checking for m4
configure:15694: found /usr/bin/m4
configure:15705: result: m4
configure:15726: checking for perl
configure:15744: found /usr/bin/perl
configure:15757: result: /usr/bin/perl
configure:15768: checking for dot
configure:15786: found /usr/bin/dot
configure:15799: result: /usr/bin/dot
configure:15809: checking for doxygen
configure:15827: found /usr/bin/doxygen
configure:15840: result: /usr/bin/doxygen
configure:15850: checking for xsltproc
configure:15868: found /usr/bin/xsltproc
configure:15881: result: /usr/bin/xsltproc
configure:15995: checking for pkg-config
configure:16013: found /usr/bin/pkg-config
configure:16025: result: /usr/bin/pkg-config
configure:16050: checking pkg-config is at least version 0.9.0
configure:16053: result: yes
configure:16062: checking for libstdc documentation
configure:16118: result: libstdc++.tag@
configure:16126: WARNING: Location of external libstdc documentation not set
configure:16155: checking if C++ compiler supports the use of a particular specialization when calling operator() template methods.
configure:16199: g++ -c -g -O2  conftest.cpp >&5
configure:16199: $? = 0
configure:16212: result: yes
configure:16216: checking if C++ compiler supports the use of a particular specialization when calling operator() template methods omitting the template keyword.
configure:16260: g++ -c -g -O2  conftest.cpp >&5
configure:16260: $? = 0
configure:16273: result: yes
configure:16277: checking if C++ compiler allows usage of member function in initialization of static member field.
configure:16300: g++ -c -g -O2  conftest.cpp >&5
configure:16300: $? = 0
configure:16313: result: yes
configure:16317: checking whether C++ library symbols are declared in namespace std
configure:16347: g++ -c -g -O2  conftest.cpp >&5
configure:16347: $? = 0
configure:16356: result: yes
configure:16368: checking for non-standard Sun libCstd reverse_iterator
configure:16392: g++ -c -g -O2  conftest.cpp >&5
conftest.cpp: In function 'int main()':
conftest.cpp:38:85: error: wrong number of template arguments (6, should be 1)
       typedef reverse_iterator<char*,random_access_iterator_tag,char,char&,char*,int> ReverseIter;
                                                                                     ^
In file included from /usr/include/c++/4.8/iterator:63:0,
                 from conftest.cpp:29:
/usr/include/c++/4.8/bits/stl_iterator.h:96:11: error: provided for 'template<class _Iterator> class std::reverse_iterator'
     class reverse_iterator
           ^
conftest.cpp:38:98: error: invalid type in declaration before ';' token
       typedef reverse_iterator<char*,random_access_iterator_tag,char,char&,char*,int> ReverseIter;
                                                                                                  ^
configure:16392: $? = 1
configure: failed program was:
| /* confdefs.h */
| #define PACKAGE_NAME "libsigc++"
| #define PACKAGE_TARNAME "libsigc++"
| #define PACKAGE_VERSION "2.3.2"
| #define PACKAGE_STRING "libsigc++ 2.3.2"
| #define PACKAGE_BUGREPORT "http://bugzilla.gnome.org/enter_bug.cgi?product=libsigc%2B%2B"
| #define PACKAGE_URL "http://libsigc.sourceforge.net/"
| #define SIGCXX_MAJOR_VERSION 2
| #define SIGCXX_MINOR_VERSION 3
| #define SIGCXX_MICRO_VERSION 2
| #define STDC_HEADERS 1
| #define HAVE_SYS_TYPES_H 1
| #define HAVE_SYS_STAT_H 1
| #define HAVE_STDLIB_H 1
| #define HAVE_STRING_H 1
| #define HAVE_MEMORY_H 1
| #define HAVE_STRINGS_H 1
| #define HAVE_INTTYPES_H 1
| #define HAVE_STDINT_H 1
| #define HAVE_UNISTD_H 1
| #define HAVE_DLFCN_H 1
| #define LT_OBJDIR ".libs/"
| #define SIGC_GCC_TEMPLATE_SPECIALIZATION_OPERATOR_OVERLOAD 1
| #define SIGC_MSVC_TEMPLATE_SPECIALIZATION_OPERATOR_OVERLOAD 1
| #define SIGC_SELF_REFERENCE_IN_MEMBER_INITIALIZATION 1
| #define SIGC_HAVE_NAMESPACE_STD 1
| /* end confdefs.h.  */
| 
|       #include <iterator>
|       #ifdef SIGC_HAVE_NAMESPACE_STD
|       using namespace std;
|       #endif
| 
| int
| main ()
| {
| 
|       typedef reverse_iterator<char*,random_access_iterator_tag,char,char&,char*,int> ReverseIter;
| 
|   ;
|   return 0;
| }
configure:16401: result: no
configure:16434: checking which C++ compiler warning flags to use
configure:16484: result: -Wall
configure:16500: Deprecated API will be built, for backwards-compatibility.
configure:16637: checking that generated files are newer than configure
configure:16643: result: done
configure:16686: creating ./config.status

## ---------------------- ##
## Running config.status. ##
## ---------------------- ##

This file was extended by libsigc++ config.status 2.3.2, which was
generated by GNU Autoconf 2.69.  Invocation command line was

  CONFIG_FILES    = 
  CONFIG_HEADERS  = 
  CONFIG_LINKS    = 
  CONFIG_COMMANDS = 
  $ ./config.status 

on course-vm

config.status:1193: creating Makefile
config.status:1193: creating sigc++-2.0.pc
config.status:1193: creating sigc++-2.0-uninstalled.pc
config.status:1193: creating sigc++/Makefile
config.status:1193: creating examples/Makefile
config.status:1193: creating tests/Makefile
config.status:1193: creating docs/Makefile
config.status:1193: creating docs/reference/Doxyfile
config.status:1193: creating MSVC_Net2005/sigc.rc
config.status:1193: creating MSVC_Net2008/sigc.rc
config.status:1193: creating MSVC_Net2010/sigc.rc
config.status:1193: creating config.h
config.status:1374: config.h is unchanged
config.status:1193: creating sigc++config.h
config.status:1374: sigc++config.h is unchanged
config.status:1422: executing depfiles commands
config.status:1422: executing libtool commands
config.status:1422: executing MSVC_Net2005/sigc++config.h commands
config.status:1422: executing MSVC_Net2008/sigc++config.h commands
config.status:1422: executing MSVC_Net2010/sigc++config.h commands

## ---------------- ##
## Cache variables. ##
## ---------------- ##

ac_cv_build=x86_64-unknown-linux-gnu
ac_cv_c_compiler_gnu=yes
ac_cv_cxx_compiler_gnu=yes
ac_cv_env_ACLOCAL_FLAGS_set=
ac_cv_env_ACLOCAL_FLAGS_value=
ac_cv_env_CCC_set=
ac_cv_env_CCC_value=
ac_cv_env_CC_set=
ac_cv_env_CC_value=
ac_cv_env_CFLAGS_set=
ac_cv_env_CFLAGS_value=
ac_cv_env_CPPFLAGS_set=
ac_cv_env_CPPFLAGS_value=
ac_cv_env_CPP_set=
ac_cv_env_CPP_value=
ac_cv_env_CXXCPP_set=
ac_cv_env_CXXCPP_value=
ac_cv_env_CXXFLAGS_set=
ac_cv_env_CXXFLAGS_value=
ac_cv_env_CXX_set=
ac_cv_env_CXX_value=
ac_cv_env_DOT_set=
ac_cv_env_DOT_value=
ac_cv_env_DOXYGEN_set=
ac_cv_env_DOXYGEN_value=
ac_cv_env_LDFLAGS_set=
ac_cv_env_LDFLAGS_value=
ac_cv_env_LIBS_set=
ac_cv_env_LIBS_value=
ac_cv_env_M4_set=
ac_cv_env_M4_value=
ac_cv_env_PERL_set=
ac_cv_env_PERL_value=
ac_cv_env_PKG_CONFIG_LIBDIR_set=
ac_cv_env_PKG_CONFIG_LIBDIR_value=
ac_cv_env_PKG_CONFIG_PATH_set=
ac_cv_env_PKG_CONFIG_PATH_value=
ac_cv_env_PKG_CONFIG_set=
ac_cv_env_PKG_CONFIG_value=
ac_cv_env_XSLTPROC_set=
ac_cv_env_XSLTPROC_value=
ac_cv_env_build_alias_set=
ac_cv_env_build_alias_value=
ac_cv_env_host_alias_set=
ac_cv_env_host_alias_value=
ac_cv_env_target_alias_set=
ac_cv_env_target_alias_value=
ac_cv_header_dlfcn_h=yes
ac_cv_header_inttypes_h=yes
ac_cv_header_memory_h=yes
ac_cv_header_stdc=yes
ac_cv_header_stdint_h=yes
ac_cv_header_stdlib_h=yes
ac_cv_header_string_h=yes
ac_cv_header_strings_h=yes
ac_cv_header_sys_stat_h=yes
ac_cv_header_sys_types_h=yes
ac_cv_header_unistd_h=yes
ac_cv_host=x86_64-unknown-linux-gnu
ac_cv_objext=o
ac_cv_path_DOT=/usr/bin/dot
ac_cv_path_DOXYGEN=/usr/bin/doxygen
ac_cv_path_EGREP='/bin/grep -E'
ac_cv_path_FGREP='/bin/grep -F'
ac_cv_path_GREP=/bin/grep
ac_cv_path_PERL=/usr/bin/perl
ac_cv_path_SED=/bin/sed
ac_cv_path_XSLTPROC=/usr/bin/xsltproc
ac_cv_path_ac_pt_PKG_CONFIG=/usr/bin/pkg-config
ac_cv_path_install='/usr/bin/install -c'
ac_cv_path_mkdir=/bin/mkdir
ac_cv_prog_AWK=gawk
ac_cv_prog_CPP='gcc -E'
ac_cv_prog_CXXCPP='g++ -E'
ac_cv_prog_M4=m4
ac_cv_prog_ac_ct_AR=ar
ac_cv_prog_ac_ct_CC=gcc
ac_cv_prog_ac_ct_CXX=g++
ac_cv_prog_ac_ct_MANIFEST_TOOL=mt
ac_cv_prog_ac_ct_OBJDUMP=objdump
ac_cv_prog_ac_ct_RANLIB=ranlib
ac_cv_prog_ac_ct_STRIP=strip
ac_cv_prog_cc_c89=
ac_cv_prog_cc_g=yes
ac_cv_prog_cxx_g=yes
ac_cv_prog_make_make_set=yes
am_cv_CC_dependencies_compiler_type=gcc3
am_cv_CXX_dependencies_compiler_type=gcc3
am_cv_make_support_nested_variables=yes
am_cv_prog_cc_c_o=yes
am_cv_prog_tar_ustar=gnutar
lt_cv_ar_at_file=@
lt_cv_archive_cmds_need_lc=no
lt_cv_deplibs_check_method=pass_all
lt_cv_file_magic_cmd='$MAGIC_CMD'
lt_cv_file_magic_test_file=
lt_cv_ld_reload_flag=-r
lt_cv_nm_interface='BSD nm'
lt_cv_objdir=.libs
lt_cv_path_LD=/usr/bin/ld
lt_cv_path_LDCXX='/usr/bin/ld -m elf_x86_64'
lt_cv_path_NM='/usr/bin/nm -B'
lt_cv_path_mainfest_tool=no
lt_cv_prog_compiler_c_o=yes
lt_cv_prog_compiler_c_o_CXX=yes
lt_cv_prog_compiler_pic='-fPIC -DPIC'
lt_cv_prog_compiler_pic_CXX='-fPIC -DPIC'
lt_cv_prog_compiler_pic_works=yes
lt_cv_prog_compiler_pic_works_CXX=yes
lt_cv_prog_compiler_rtti_exceptions=no
lt_cv_prog_compiler_static_works=yes
lt_cv_prog_compiler_static_works_CXX=yes
lt_cv_prog_gnu_ld=yes
lt_cv_prog_gnu_ldcxx=yes
lt_cv_sharedlib_from_linklib_cmd='printf %s\n'
lt_cv_shlibpath_overrides_runpath=no
lt_cv_sys_global_symbol_pipe='sed -n -e '\''s/^.*[	 ]\([ABCDGIRSTW][ABCDGIRSTW]*\)[	 ][	 ]*\([_A-Za-z][_A-Za-z0-9]*\)$/\1 \2 \2/p'\'' | sed '\''/ __gnu_lto/d'\'''
lt_cv_sys_global_symbol_to_c_name_address='sed -n -e '\''s/^: \([^ ]*\)[ ]*$/  {\"\1\", (void *) 0},/p'\'' -e '\''s/^[ABCDGIRSTW]* \([^ ]*\) \([^ ]*\)$/  {"\2", (void *) \&\2},/p'\'''
lt_cv_sys_global_symbol_to_c_name_address_lib_prefix='sed -n -e '\''s/^: \([^ ]*\)[ ]*$/  {\"\1\", (void *) 0},/p'\'' -e '\''s/^[ABCDGIRSTW]* \([^ ]*\) \(lib[^ ]*\)$/  {"\2", (void *) \&\2},/p'\'' -e '\''s/^[ABCDGIRSTW]* \([^ ]*\) \([^ ]*\)$/  {"lib\2", (void *) \&\2},/p'\'''
lt_cv_sys_global_symbol_to_cdecl='sed -n -e '\''s/^T .* \(.*\)$/extern int \1();/p'\'' -e '\''s/^[ABCDGIRSTW]* .* \(.*\)$/extern char \1;/p'\'''
lt_cv_sys_max_cmd_len=1572864
lt_cv_to_host_file_cmd=func_convert_file_noop
lt_cv_to_tool_file_cmd=func_convert_file_noop
sigc_cv_cxx_has_namespace_std=yes
sigc_cv_cxx_has_sun_reverse_iterator=no

## ----------------- ##
## Output variables. ##
## ----------------- ##

ACLOCAL='${SHELL} /home/student/libsigc++-2.3.2/build/missing aclocal-1.14'
ACLOCAL_FLAGS=''
AMDEPBACKSLASH='\'
AMDEP_FALSE='#'
AMDEP_TRUE=''
AMTAR='$${TAR-tar}'
AM_BACKSLASH='\'
AM_DEFAULT_V='$(AM_DEFAULT_VERBOSITY)'
AM_DEFAULT_VERBOSITY='1'
AM_V='$(V)'
AR='ar'
AS='as'
AUTOCONF='${SHELL} /home/student/libsigc++-2.3.2/build/missing autoconf'
AUTOHEADER='${SHELL} /home/student/libsigc++-2.3.2/build/missing autoheader'
AUTOMAKE='${SHELL} /home/student/libsigc++-2.3.2/build/missing automake-1.14'
AWK='gawk'
CC='gcc'
CCDEPMODE='depmode=gcc3'
CFLAGS='-g -O2'
CPP='gcc -E'
CPPFLAGS=''
CXX='g++'
CXXCPP='g++ -E'
CXXDEPMODE='depmode=gcc3'
CXXFLAGS='-g -O2'
CYGPATH_W='echo'
DEFS='-DHAVE_CONFIG_H'
DEPDIR='.deps'
DISABLE_DEPRECATED_API_FALSE=''
DISABLE_DEPRECATED_API_TRUE='#'
DIST_DOCTOOLS_FALSE='#'
DIST_DOCTOOLS_TRUE=''
DLLTOOL='false'
DOCINSTALL_FLAGS=''
DOT='/usr/bin/dot'
DOXYGEN='/usr/bin/doxygen'
DOXYGEN_TAGFILES='"libstdc++.tag"'
DSYMUTIL=''
DUMPBIN=''
ECHO_C=''
ECHO_N='-n'
ECHO_T=''
EGREP='/bin/grep -E'
ENABLE_DOCUMENTATION_FALSE='#'
ENABLE_DOCUMENTATION_TRUE=''
EXEEXT=''
FGREP='/bin/grep -F'
GREP='/bin/grep'
INSTALL_DATA='${INSTALL} -m 644'
INSTALL_PROGRAM='${INSTALL}'
INSTALL_SCRIPT='${INSTALL}'
INSTALL_STRIP_PROGRAM='$(install_sh) -c -s'
LD='/usr/bin/ld -m elf_x86_64'
LDFLAGS=''
LIBOBJS=''
LIBS=''
LIBTOOL='$(SHELL) $(top_builddir)/libtool'
LIPO=''
LN_S='ln -s'
LTLIBOBJS=''
M4='m4'
MAINT='#'
MAINTAINER_MODE_FALSE=''
MAINTAINER_MODE_TRUE='#'
MAKEINFO='${SHELL} /home/student/libsigc++-2.3.2/build/missing makeinfo'
MANIFEST_TOOL=':'
MKDIR_P='/bin/mkdir -p'
MMDOCTOOLDIR='${top_srcdir}/docs'
NM='/usr/bin/nm -B'
NMEDIT=''
OBJDUMP='objdump'
OBJEXT='o'
OTOOL64=''
OTOOL=''
PACKAGE='libsigc++'
PACKAGE_BUGREPORT='http://bugzilla.gnome.org/enter_bug.cgi?product=libsigc%2B%2B'
PACKAGE_NAME='libsigc++'
PACKAGE_STRING='libsigc++ 2.3.2'
PACKAGE_TARNAME='libsigc++'
PACKAGE_URL='http://libsigc.sourceforge.net/'
PACKAGE_VERSION='2.3.2'
PATH_SEPARATOR=':'
PERL='/usr/bin/perl'
PKG_CONFIG='/usr/bin/pkg-config'
PKG_CONFIG_LIBDIR=''
PKG_CONFIG_PATH=''
RANLIB='ranlib'
SED='/bin/sed'
SET_MAKE=''
SHELL='/bin/bash'
SIGCXX_API_VERSION='2.0'
SIGCXX_MAJOR_VERSION='2'
SIGCXX_MICRO_VERSION='2'
SIGCXX_MINOR_VERSION='3'
SIGCXX_MODULE_NAME='sigc++-2.0'
SIGCXX_VERSION='2.3.2'
SIGC_WXXFLAGS='-Wall'
STRIP='strip'
VERSION='2.3.2'
XSLTPROC='/usr/bin/xsltproc'
ac_ct_AR='ar'
ac_ct_CC='gcc'
ac_ct_CXX='g++'
ac_ct_DUMPBIN=''
am__EXEEXT_FALSE=''
am__EXEEXT_TRUE='#'
am__fastdepCC_FALSE='#'
am__fastdepCC_TRUE=''
am__fastdepCXX_FALSE='#'
am__fastdepCXX_TRUE=''
am__include='include'
am__isrc=''
am__leading_dot='.'
am__nodep='_no'
am__quote=''
am__tar='tar --format=ustar -chf - "$$tardir"'
am__untar='tar -xf -'
bindir='${exec_prefix}/bin'
build='x86_64-unknown-linux-gnu'
build_alias=''
build_cpu='x86_64'
build_os='linux-gnu'
build_vendor='unknown'
datadir='${datarootdir}'
datarootdir='${prefix}/share'
docdir='${datarootdir}/doc/${PACKAGE_TARNAME}'
dvidir='${docdir}'
exec_prefix='${prefix}'
host='x86_64-unknown-linux-gnu'
host_alias=''
host_cpu='x86_64'
host_os='linux-gnu'
host_vendor='unknown'
htmldir='${docdir}'
includedir='${prefix}/include'
infodir='${datarootdir}/info'
install_sh='${SHELL} /home/student/libsigc++-2.3.2/build/install-sh'
libdir='${exec_prefix}/lib'
libexecdir='${exec_prefix}/libexec'
localedir='${datarootdir}/locale'
localstatedir='${prefix}/var'
mandir='${datarootdir}/man'
mkdir_p='$(MKDIR_P)'
oldincludedir='/usr/include'
pdfdir='${docdir}'
prefix='/usr/local'
program_transform_name='s,x,x,'
psdir='${docdir}'
sbindir='${exec_prefix}/sbin'
sharedstatedir='${prefix}/com'
sysconfdir='${prefix}/etc'
target_alias=''

## ----------- ##
## confdefs.h. ##
## ----------- ##

/* confdefs.h */
#define PACKAGE_NAME "libsigc++"
#define PACKAGE_TARNAME "libsigc++"
#define PACKAGE_VERSION "2.3.2"
#define PACKAGE_STRING "libsigc++ 2.3.2"
#define PACKAGE_BUGREPORT "http://bugzilla.gnome.org/enter_bug.cgi?product=libsigc%2B%2B"
#define PACKAGE_URL "http://libsigc.sourceforge.net/"
#define SIGCXX_MAJOR_VERSION 2
#define SIGCXX_MINOR_VERSION 3
#define SIGCXX_MICRO_VERSION 2
#define STDC_HEADERS 1
#define HAVE_SYS_TYPES_H 1
#define HAVE_SYS_STAT_H 1
#define HAVE_STDLIB_H 1
#define HAVE_STRING_H 1
#define HAVE_MEMORY_H 1
#define HAVE_STRINGS_H 1
#define HAVE_INTTYPES_H 1
#define HAVE_STDINT_H 1
#define HAVE_UNISTD_H 1
#define HAVE_DLFCN_H 1
#define LT_OBJDIR ".libs/"
#define SIGC_GCC_TEMPLATE_SPECIALIZATION_OPERATOR_OVERLOAD 1
#define SIGC_MSVC_TEMPLATE_SPECIALIZATION_OPERATOR_OVERLOAD 1
#define SIGC_SELF_REFERENCE_IN_MEMBER_INITIALIZATION 1
#define SIGC_HAVE_NAMESPACE_STD 1

configure: exit 0
